<?xml version="1.0" encoding="UTF-8"?>
<!-- Generated by org.testng.reporters.JUnitReportReporter -->
<testsuite skipped="0" hostname="God123-PC" name="testcases.TC004_EditLead" tests="1" failures="0" timestamp="03 Jun 2018 07:56:07 GMT" time="42.246" errors="0">
  <testcase name="loginAndLogout" time="42.246" classname="testcases.TC004_EditLead"/>
</testsuite> <!-- testcases.TC004_EditLead -->
