<?xml version="1.0" encoding="UTF-8"?>
<!-- Generated by org.testng.reporters.JUnitReportReporter -->
<testsuite skipped="0" hostname="God123-PC" name="testcases.TC001_LoginAndLogout" tests="2" failures="0" timestamp="03 Jun 2018 04:17:05 GMT" time="99.059" errors="0">
  <testcase name="loginAndLogout" time="25.421" classname="testcases.TC001_LoginAndLogout"/>
  <testcase name="loginAndLogout" time="73.638" classname="testcases.TC001_LoginAndLogout"/>
</testsuite> <!-- testcases.TC001_LoginAndLogout -->
