<?xml version="1.0" encoding="UTF-8"?>
<!-- Generated by org.testng.reporters.JUnitReportReporter -->
<testsuite skipped="0" hostname="God123-PC" name="testcases.TC003_CreateLead" tests="2" failures="0" timestamp="03 Jun 2018 05:36:29 GMT" time="69.941" errors="0">
  <testcase name="loginAndLogout" time="26.170" classname="testcases.TC003_CreateLead"/>
  <testcase name="loginAndLogout" time="43.771" classname="testcases.TC003_CreateLead"/>
</testsuite> <!-- testcases.TC003_CreateLead -->
